0 info it worked if it ends with ok
1 verbose cli [ '/usr/bin/nodejs', '/usr/bin/npm', 'run', 'test:watch' ]
2 info using npm@3.3.12
3 info using node@v5.5.0
4 verbose run-script [ 'pretest:watch', 'test:watch', 'posttest:watch' ]
5 info lifecycle digital-receipt-web-react-redux@1.0.0~pretest:watch: digital-receipt-web-react-redux@1.0.0
6 silly lifecycle digital-receipt-web-react-redux@1.0.0~pretest:watch: no script for pretest:watch, continuing
7 info lifecycle digital-receipt-web-react-redux@1.0.0~test:watch: digital-receipt-web-react-redux@1.0.0
8 verbose lifecycle digital-receipt-web-react-redux@1.0.0~test:watch: unsafe-perm in lifecycle true
9 verbose lifecycle digital-receipt-web-react-redux@1.0.0~test:watch: PATH: /usr/lib/node_modules/npm/bin/node-gyp-bin:/home/dcpdev/projects/digital-receipt-web-react-redux/node_modules/.bin:/usr/local/sbin:/usr/local/bin:/usr/sbin:/usr/bin:/sbin:/bin:/usr/games:/usr/local/games
10 verbose lifecycle digital-receipt-web-react-redux@1.0.0~test:watch: CWD: /home/dcpdev/projects/digital-receipt-web-react-redux
11 silly lifecycle digital-receipt-web-react-redux@1.0.0~test:watch: Args: [ '-c', 'npm run test -- --watch' ]
12 silly lifecycle digital-receipt-web-react-redux@1.0.0~test:watch: Returned: code: 1  signal: null
13 info lifecycle digital-receipt-web-react-redux@1.0.0~test:watch: Failed to exec test:watch script
14 verbose stack Error: digital-receipt-web-react-redux@1.0.0 test:watch: `npm run test -- --watch`
14 verbose stack Exit status 1
14 verbose stack     at EventEmitter.<anonymous> (/usr/lib/node_modules/npm/lib/utils/lifecycle.js:232:16)
14 verbose stack     at emitTwo (events.js:100:13)
14 verbose stack     at EventEmitter.emit (events.js:185:7)
14 verbose stack     at ChildProcess.<anonymous> (/usr/lib/node_modules/npm/lib/utils/spawn.js:24:14)
14 verbose stack     at emitTwo (events.js:100:13)
14 verbose stack     at ChildProcess.emit (events.js:185:7)
14 verbose stack     at maybeClose (internal/child_process.js:821:16)
14 verbose stack     at Process.ChildProcess._handle.onexit (internal/child_process.js:211:5)
15 verbose pkgid digital-receipt-web-react-redux@1.0.0
16 verbose cwd /home/dcpdev/projects/digital-receipt-web-react-redux
17 error Linux 4.2.0-16-generic
18 error argv "/usr/bin/nodejs" "/usr/bin/npm" "run" "test:watch"
19 error node v5.5.0
20 error npm  v3.3.12
21 error code ELIFECYCLE
22 error digital-receipt-web-react-redux@1.0.0 test:watch: `npm run test -- --watch`
22 error Exit status 1
23 error Failed at the digital-receipt-web-react-redux@1.0.0 test:watch script 'npm run test -- --watch'.
23 error Make sure you have the latest version of node.js and npm installed.
23 error If you do, this is most likely a problem with the digital-receipt-web-react-redux package,
23 error not with npm itself.
23 error Tell the author that this fails on your system:
23 error     npm run test -- --watch
23 error You can get their info via:
23 error     npm owner ls digital-receipt-web-react-redux
23 error There is likely additional logging output above.
24 verbose exit [ 1, true ]
